Removed Pin From Net: NetName=BF0*AF0 Pin=OUTPUT-1
Removed Pin From Net: NetName=Half adder Sum Pin=OUTPUT-2
Removed Pin From Net: NetName=2C1 Pin=OUTPUT-3
Removed Pin From Net: NetName=2C2 Pin=OUTPUT-4
Removed Pin From Net: NetName=2C3 Pin=OUTPUT-5
Removed Pin From Net: NetName=2C4 Pin=OUTPUT-6
Removed Pin From Net: NetName=Full adder sum Pin=OUTPUT-7
Removed Pin From Net: NetName=Full adder carry Pin=OUTPUT-8
Removed Pin From Net: NetName=SC Pin=OUTPUT-9
Removed Pin From Net: NetName=~zero flag Pin=OUTPUT-10
Added Component: Designator=P1(HDR1X12)
Add component. Clean all parameters for all variants
Add component (AddParameter): Name = "LatestRevisionDate"; Value = "17-Jul-2002"; VariantName = "[No Variations]"
Add component (AddParameter): Name = "LatestRevisionNote"; Value = "Re-released for DXP Platform."; VariantName = "[No Variations]"
Add component (AddParameter): Name = "Publisher"; Value = "Altium Limited"; VariantName = "[No Variations]"
Added Pin To Net: NetName=BF0*AF0 Pin=P1-1
Added Pin To Net: NetName=Half adder Sum Pin=P1-2
Added Pin To Net: NetName=2C1 Pin=P1-3
Added Pin To Net: NetName=2C2 Pin=P1-4
Added Pin To Net: NetName=2C3 Pin=P1-5
Added Pin To Net: NetName=2C4 Pin=P1-6
Added Pin To Net: NetName=Full adder sum Pin=P1-7
Added Pin To Net: NetName=Full adder carry Pin=P1-8
Added Pin To Net: NetName=SC Pin=P1-9
Added Pin To Net: NetName=~zero flag Pin=P1-10
Added Pin To Net: NetName=Vcc Pin=P1-11
Added Pin To Net: NetName=GND Pin=P1-12
Added Member To Class: ClassName=Sheet1 Member=Component 4 bit-binary adder Component_1
Added Member To Class: ClassName=Sheet1 Member=Component A0
Added Member To Class: ClassName=Sheet1 Member=Component A1
Added Member To Class: ClassName=Sheet1 Member=Component A2
Added Member To Class: ClassName=Sheet1 Member=Component AF0
Added Member To Class: ClassName=Sheet1 Member=Component AF1
Added Member To Class: ClassName=Sheet1 Member=Component P1 Header 12
Added Room: Name=Sheet1
