Added Component: Designator=4 bit-binary adder(7483)
Add component. Clean all parameters for all variants
Added Component: Designator=4 bit-binary adder(7483)
Add component. Clean all parameters for all variants
Added Component: Designator=AND(Gate?)
Add component. Clean all parameters for all variants
Added Component: Designator=OR(Gate?)
Add component. Clean all parameters for all variants
Added Component: Designator=OUTPUT(HDR1X9)
Add component. Clean all parameters for all variants
Add component (AddParameter): Name = "LatestRevisionDate"; Value = "17-Jul-2002"; VariantName = "[No Variations]"
Add component (AddParameter): Name = "LatestRevisionNote"; Value = "Re-released for DXP Platform."; VariantName = "[No Variations]"
Add component (AddParameter): Name = "Publisher"; Value = "Altium Limited"; VariantName = "[No Variations]"
Added Component: Designator=SA(HDR1X3)
Add component. Clean all parameters for all variants
Add component (AddParameter): Name = "LatestRevisionDate"; Value = "17-Jul-2002"; VariantName = "[No Variations]"
Add component (AddParameter): Name = "LatestRevisionNote"; Value = "Re-released for DXP Platform."; VariantName = "[No Variations]"
Add component (AddParameter): Name = "Publisher"; Value = "Altium Limited"; VariantName = "[No Variations]"
Added Component: Designator=SB(HDR1X3)
Add component. Clean all parameters for all variants
Add component (AddParameter): Name = "LatestRevisionDate"; Value = "17-Jul-2002"; VariantName = "[No Variations]"
Add component (AddParameter): Name = "LatestRevisionNote"; Value = "Re-released for DXP Platform."; VariantName = "[No Variations]"
Add component (AddParameter): Name = "Publisher"; Value = "Altium Limited"; VariantName = "[No Variations]"
Added Component: Designator=XOR(Gate?)
Add component. Clean all parameters for all variants
Added Pin To Net: NetName=GND Pin=4 bit-binary adder-A4
Added Pin To Net: NetName=GND Pin=4 bit-binary adder-C0
Added Pin To Net: NetName=GND Pin=4 bit-binary adder-GND
Added Pin To Net: NetName=GND Pin=4 bit-binary adder-GND
Added Pin To Net: NetName=NetA0_1 Pin=4 bit-binary adder-Vcc
Added Pin To Net: NetName=NetA0_1 Pin=4 bit-binary adder-Vcc
Added Pin To Net: NetName=NetA0_1 Pin=SA-1
Added Pin To Net: NetName=GND Pin=SA-3
Added Pin To Net: NetName=NetA0_1 Pin=SB-1
Added Pin To Net: NetName=GND Pin=SB-3
Change Net Name : Old Net Name=NetA0_1 New Net Name=Vcc
Added Pin To Net: NetName=1C1 Pin=4 bit-binary adder-B1
Added Pin To Net: NetName=1C1 Pin=4 bit-binary adder-C1
Added Net: Name=1C1
Added Pin To Net: NetName=1C2 Pin=4 bit-binary adder-B2
Added Pin To Net: NetName=1C2 Pin=4 bit-binary adder-C2
Added Net: Name=1C2
Added Pin To Net: NetName=1C3 Pin=4 bit-binary adder-B3
Added Pin To Net: NetName=1C3 Pin=4 bit-binary adder-C3
Added Net: Name=1C3
Added Pin To Net: NetName=1C4 Pin=4 bit-binary adder-B4
Added Pin To Net: NetName=1C4 Pin=4 bit-binary adder-C4
Added Net: Name=1C4
Added Pin To Net: NetName=1C5 Pin=4 bit-binary adder-C5
Added Pin To Net: NetName=1C5 Pin=AND-4
Added Pin To Net: NetName=1C5 Pin=XOR-4
Added Net: Name=1C5
Added Pin To Net: NetName=2C1 Pin=4 bit-binary adder-C1
Added Pin To Net: NetName=2C1 Pin=OUTPUT-3
Added Net: Name=2C1
Added Pin To Net: NetName=2C2 Pin=4 bit-binary adder-C2
Added Pin To Net: NetName=2C2 Pin=OUTPUT-4
Added Net: Name=2C2
Added Pin To Net: NetName=2C3 Pin=4 bit-binary adder-C3
Added Pin To Net: NetName=2C3 Pin=OUTPUT-5
Added Net: Name=2C3
Added Pin To Net: NetName=2C4 Pin=4 bit-binary adder-C4
Added Pin To Net: NetName=2C4 Pin=OUTPUT-6
Added Net: Name=2C4
Added Pin To Net: NetName=2C5 Pin=4 bit-binary adder-C5
Added Pin To Net: NetName=2C5 Pin=AND-13
Added Pin To Net: NetName=2C5 Pin=XOR-13
Added Net: Name=2C5
Added Pin To Net: NetName=B0*A0 Pin=4 bit-binary adder-B2
Added Pin To Net: NetName=B0*A0 Pin=A0-3
Added Net: Name=B0*A0
Added Pin To Net: NetName=B0*A1 Pin=4 bit-binary adder-B3
Added Net: Name=B0*A1
Added Pin To Net: NetName=B0*A2 Pin=4 bit-binary adder-B4
Added Pin To Net: NetName=B0*A2 Pin=A2-3
Added Net: Name=B0*A2
Added Pin To Net: NetName=B0*AF0 Pin=4 bit-binary adder-B1
Added Pin To Net: NetName=B0*AF0 Pin=AF0-3
Added Net: Name=B0*AF0
Added Pin To Net: NetName=B0*AF1 Pin=AF1-3
Added Pin To Net: NetName=B0*AF1 Pin=AND-2
Added Pin To Net: NetName=B0*AF1 Pin=XOR-2
Added Net: Name=B0*AF1
Added Pin To Net: NetName=B1*A0 Pin=4 bit-binary adder-A3
Added Pin To Net: NetName=B1*A0 Pin=A0-6
Added Net: Name=B1*A0
Added Pin To Net: NetName=B1*A1 Pin=4 bit-binary adder-A4
Added Net: Name=B1*A1
Added Pin To Net: NetName=B1*A2 Pin=A2-6
Added Pin To Net: NetName=B1*A2 Pin=AND-5
Added Pin To Net: NetName=B1*A2 Pin=XOR-5
Added Net: Name=B1*A2
Added Pin To Net: NetName=B1*AF0 Pin=4 bit-binary adder-A2
Added Pin To Net: NetName=B1*AF0 Pin=AF0-6
Added Net: Name=B1*AF0
Added Pin To Net: NetName=B1*AF1 Pin=4 bit-binary adder-A1
Added Pin To Net: NetName=B1*AF1 Pin=AF1-6
Added Net: Name=B1*AF1
Added Pin To Net: NetName=BF0*A0 Pin=4 bit-binary adder-A1
Added Pin To Net: NetName=BF0*A0 Pin=A0-8
Added Net: Name=BF0*A0
Added Pin To Net: NetName=BF0*A1 Pin=4 bit-binary adder-A2
Added Pin To Net: NetName=BF0*A1 Pin=A1-8
Added Net: Name=BF0*A1
Added Pin To Net: NetName=BF0*A2 Pin=4 bit-binary adder-A3
Added Pin To Net: NetName=BF0*A2 Pin=A2-8
Added Net: Name=BF0*A2
Added Pin To Net: NetName=BF0*AF0 Pin=AF0-8
Added Pin To Net: NetName=BF0*AF0 Pin=AND-1
Added Pin To Net: NetName=BF0*AF0 Pin=OUTPUT-1
Added Pin To Net: NetName=BF0*AF0 Pin=XOR-1
Added Net: Name=BF0*AF0
Added Pin To Net: NetName=BF0*AF1 Pin=AF1-8
Added Net: Name=BF0*AF1
Added Pin To Net: NetName=Full adder carry Pin=OR-3
Added Pin To Net: NetName=Full adder carry Pin=OUTPUT-8
Added Net: Name=Full adder carry
Added Pin To Net: NetName=Full adder sum Pin=OUTPUT-7
Added Pin To Net: NetName=Full adder sum Pin=XOR-11
Added Net: Name=Full adder sum
Added Pin To Net: NetName=Half adder Carry Pin=4 bit-binary adder-C0
Added Pin To Net: NetName=Half adder Carry Pin=AND-3
Added Net: Name=Half adder Carry
Added Pin To Net: NetName=Half adder Sum Pin=OUTPUT-2
Added Pin To Net: NetName=Half adder Sum Pin=XOR-3
Added Net: Name=Half adder Sum
Added Pin To Net: NetName=NetAND_6 Pin=AND-6
Added Pin To Net: NetName=NetAND_6 Pin=OR-1
Added Net: Name=NetAND_6
Added Pin To Net: NetName=NetAND_11 Pin=AND-11
Added Pin To Net: NetName=NetAND_11 Pin=OR-2
Added Net: Name=NetAND_11
Added Pin To Net: NetName=NetAND_12 Pin=AND-12
Added Pin To Net: NetName=NetAND_12 Pin=XOR-6
Added Pin To Net: NetName=NetAND_12 Pin=XOR-12
Added Net: Name=NetAND_12
Added Pin To Net: NetName=SA Pin=SA-2
Added Pin To Net: NetName=SA Pin=XOR-10
Added Net: Name=SA
Added Pin To Net: NetName=SB Pin=SB-2
Added Pin To Net: NetName=SB Pin=XOR-9
Added Net: Name=SB
Added Pin To Net: NetName=SC Pin=OUTPUT-9
Added Pin To Net: NetName=SC Pin=XOR-8
Added Net: Name=SC
Added Member To Class: ClassName=Sheet1 Member=Component 4 bit-binary adder Component_1
Added Member To Class: ClassName=Sheet1 Member=Component 4 bit-binary adder Component_1
Added Member To Class: ClassName=Sheet1 Member=Component A0
Added Member To Class: ClassName=Sheet1 Member=Component A1
Added Member To Class: ClassName=Sheet1 Member=Component A2
Added Member To Class: ClassName=Sheet1 Member=Component AF0
Added Member To Class: ClassName=Sheet1 Member=Component AF1
Added Member To Class: ClassName=Sheet1 Member=Component AND A2
Added Member To Class: ClassName=Sheet1 Member=Component OR A2
Added Member To Class: ClassName=Sheet1 Member=Component OUTPUT Header 9
Added Member To Class: ClassName=Sheet1 Member=Component SA Header 3
Added Member To Class: ClassName=Sheet1 Member=Component SB Header 3
Added Member To Class: ClassName=Sheet1 Member=Component XOR A2
Added Room: Name=Sheet1
